# JRE version: OpenJDK Runtime Environment (8.0_121-b15) (build 1.8.0_121-b15)
# Java VM: OpenJDK 64-Bit Server VM (25.121-b15 mixed mode linux-amd64 compressed oops)
Heap:
 PSYoungGen      total 305664K, used 130838K [0x00000000eab00000, 0x0000000100000000, 0x0000000100000000)
  eden space 262144K, 49% used [0x00000000eab00000,0x00000000f2ac5aa8,0x00000000fab00000)
  from space 43520K, 0% used [0x00000000fab00000,0x00000000fab00000,0x00000000fd580000)
  to   space 43520K, 0% used [0x00000000fd580000,0x00000000fd580000,0x0000000100000000)
 ParOldGen       total 549888K, used 8279K [0x00000000c0000000, 0x00000000e1900000, 0x00000000eab00000)
  object space 549888K, 1% used [0x00000000c0000000,0x00000000c0815c88,0x00000000e1900000)
 Metaspace       used 37067K, capacity 37290K, committed 37592K, reserved 1081344K
  class space    used 5210K, capacity 5293K, committed 5376K, reserved 1048576K
GC Heap History (10 events):
Event: 2.688 GC heap before
{Heap before GC invocations=4 (full 1):
 PSYoungGen      total 305664K, used 35892K [0x00000000eab00000, 0x0000000100000000, 0x0000000100000000)
  eden space 262144K, 6% used [0x00000000eab00000,0x00000000ebbeb970,0x00000000fab00000)
  from space 43520K, 42% used [0x00000000fd580000,0x00000000fe7a17f0,0x0000000100000000)
  to   space 43520K, 0% used [0x00000000fab00000,0x00000000fab00000,0x00000000fd580000)
 ParOldGen       total 437760K, used 15366K [0x00000000c0000000, 0x00000000dab80000, 0x00000000eab00000)
  object space 437760K, 3% used [0x00000000c0000000,0x00000000c0f01990,0x00000000dab80000)
 Metaspace       used 35011K, capacity 35202K, committed 35416K, reserved 1079296K
  class space    used 4907K, capacity 4981K, committed 4992K, reserved 1048576K
Event: 2.699 GC heap after
Heap after GC invocations=4 (full 1):
 PSYoungGen      total 305664K, used 6051K [0x00000000eab00000, 0x0000000100000000, 0x0000000100000000)
  eden space 262144K, 0% used [0x00000000eab00000,0x00000000eab00000,0x00000000fab00000)
  from space 43520K, 13% used [0x00000000fab00000,0x00000000fb0e8c50,0x00000000fd580000)
  to   space 43520K, 0% used [0x00000000fd580000,0x00000000fd580000,0x0000000100000000)
 ParOldGen       total 437760K, used 15374K [0x00000000c0000000, 0x00000000dab80000, 0x00000000eab00000)
  object space 437760K, 3% used [0x00000000c0000000,0x00000000c0f03990,0x00000000dab80000)
 Metaspace       used 35011K, capacity 35202K, committed 35416K, reserved 1079296K
  class space    used 4907K, capacity 4981K, committed 4992K, reserved 1048576K
}
Event: 2.699 GC heap before
{Heap before GC invocations=5 (full 2):
 PSYoungGen      total 305664K, used 6051K [0x00000000eab00000, 0x0000000100000000, 0x0000000100000000)
  eden space 262144K, 0% used [0x00000000eab00000,0x00000000eab00000,0x00000000fab00000)
  from space 43520K, 13% used [0x00000000fab00000,0x00000000fb0e8c50,0x00000000fd580000)
  to   space 43520K, 0% used [0x00000000fd580000,0x00000000fd580000,0x0000000100000000)
 ParOldGen       total 437760K, used 15374K [0x00000000c0000000, 0x00000000dab80000, 0x00000000eab00000)
  object space 437760K, 3% used [0x00000000c0000000,0x00000000c0f03990,0x00000000dab80000)
 Metaspace       used 35011K, capacity 35202K, committed 35416K, reserved 1079296K
  class space    used 4907K, capacity 4981K, committed 4992K, reserved 1048576K
Event: 2.728 GC heap after
Heap after GC invocations=5 (full 2):
 PSYoungGen      total 305664K, used 0K [0x00000000eab00000, 0x0000000100000000, 0x0000000100000000)
  eden space 262144K, 0% used [0x00000000eab00000,0x00000000eab00000,0x00000000fab00000)
  from space 43520K, 0% used [0x00000000fab00000,0x00000000fab00000,0x00000000fd580000)
  to   space 43520K, 0% used [0x00000000fd580000,0x00000000fd580000,0x0000000100000000)
 ParOldGen       total 549888K, used 9465K [0x00000000c0000000, 0x00000000e1900000, 0x00000000eab00000)
  object space 549888K, 1% used [0x00000000c0000000,0x00000000c093e788,0x00000000e1900000)
 Metaspace       used 35011K, capacity 35202K, committed 35416K, reserved 1079296K
  class space    used 4907K, capacity 4981K, committed 4992K, reserved 1048576K
}
Event: 200.403 GC heap before
{Heap before GC invocations=6 (full 2):
 PSYoungGen      total 305664K, used 262144K [0x00000000eab00000, 0x0000000100000000, 0x0000000100000000)
  eden space 262144K, 100% used [0x00000000eab00000,0x00000000fab00000,0x00000000fab00000)
  from space 43520K, 0% used [0x00000000fab00000,0x00000000fab00000,0x00000000fd580000)
  to   space 43520K, 0% used [0x00000000fd580000,0x00000000fd580000,0x0000000100000000)
 ParOldGen       total 549888K, used 9465K [0x00000000c0000000, 0x00000000e1900000, 0x00000000eab00000)
  object space 549888K, 1% used [0x00000000c0000000,0x00000000c093e788,0x00000000e1900000)
 Metaspace       used 36791K, capacity 36994K, committed 37336K, reserved 1081344K
  class space    used 5212K, capacity 5301K, committed 5376K, reserved 1048576K
Event: 200.409 GC heap after
Heap after GC invocations=6 (full 2):
 PSYoungGen      total 305664K, used 2254K [0x00000000eab00000, 0x0000000100000000, 0x0000000100000000)
  eden space 262144K, 0% used [0x00000000eab00000,0x00000000eab00000,0x00000000fab00000)
  from space 43520K, 5% used [0x00000000fd580000,0x00000000fd7b3800,0x0000000100000000)
  to   space 43520K, 0% used [0x00000000fab00000,0x00000000fab00000,0x00000000fd580000)
 ParOldGen       total 549888K, used 9473K [0x00000000c0000000, 0x00000000e1900000, 0x00000000eab00000)
  object space 549888K, 1% used [0x00000000c0000000,0x00000000c0940788,0x00000000e1900000)
 Metaspace       used 36791K, capacity 36994K, committed 37336K, reserved 1081344K
  class space    used 5212K, capacity 5301K, committed 5376K, reserved 1048576K
}
Event: 1802.246 GC heap before
{Heap before GC invocations=7 (full 2):
 PSYoungGen      total 305664K, used 236110K [0x00000000eab00000, 0x0000000100000000, 0x0000000100000000)
  eden space 262144K, 89% used [0x00000000eab00000,0x00000000f8f600a0,0x00000000fab00000)
  from space 43520K, 5% used [0x00000000fd580000,0x00000000fd7b3800,0x0000000100000000)
  to   space 43520K, 0% used [0x00000000fab00000,0x00000000fab00000,0x00000000fd580000)
 ParOldGen       total 549888K, used 9473K [0x00000000c0000000, 0x00000000e1900000, 0x00000000eab00000)
  object space 549888K, 1% used [0x00000000c0000000,0x00000000c0940788,0x00000000e1900000)
 Metaspace       used 37047K, capacity 37250K, committed 37592K, reserved 1081344K
  class space    used 5215K, capacity 5301K, committed 5376K, reserved 1048576K
Event: 1802.250 GC heap after
Heap after GC invocations=7 (full 2):
 PSYoungGen      total 305664K, used 1120K [0x00000000eab00000, 0x0000000100000000, 0x0000000100000000)
  eden space 262144K, 0% used [0x00000000eab00000,0x00000000eab00000,0x00000000fab00000)
  from space 43520K, 2% used [0x00000000fab00000,0x00000000fac18000,0x00000000fd580000)
  to   space 43520K, 0% used [0x00000000fd580000,0x00000000fd580000,0x0000000100000000)
 ParOldGen       total 549888K, used 9481K [0x00000000c0000000, 0x00000000e1900000, 0x00000000eab00000)
  object space 549888K, 1% used [0x00000000c0000000,0x00000000c0942788,0x00000000e1900000)
 Metaspace       used 37047K, capacity 37250K, committed 37592K, reserved 1081344K
  class space    used 5215K, capacity 5301K, committed 5376K, reserved 1048576K
}
Event: 1802.250 GC heap before
{Heap before GC invocations=8 (full 3):
 PSYoungGen      total 305664K, used 1120K [0x00000000eab00000, 0x0000000100000000, 0x0000000100000000)
  eden space 262144K, 0% used [0x00000000eab00000,0x00000000eab00000,0x00000000fab00000)
  from space 43520K, 2% used [0x00000000fab00000,0x00000000fac18000,0x00000000fd580000)
  to   space 43520K, 0% used [0x00000000fd580000,0x00000000fd580000,0x0000000100000000)
 ParOldGen       total 549888K, used 9481K [0x00000000c0000000, 0x00000000e1900000, 0x00000000eab00000)
  object space 549888K, 1% used [0x00000000c0000000,0x00000000c0942788,0x00000000e1900000)
 Metaspace       used 37047K, capacity 37250K, committed 37592K, reserved 1081344K
  class space    used 5215K, capacity 5301K, committed 5376K, reserved 1048576K
Event: 1802.317 GC heap after
Heap after GC invocations=8 (full 3):
 PSYoungGen      total 305664K, used 0K [0x00000000eab00000, 0x0000000100000000, 0x0000000100000000)
  eden space 262144K, 0% used [0x00000000eab00000,0x00000000eab00000,0x00000000fab00000)
  from space 43520K, 0% used [0x00000000fab00000,0x00000000fab00000,0x00000000fd580000)
  to   space 43520K, 0% used [0x00000000fd580000,0x00000000fd580000,0x0000000100000000)
 ParOldGen       total 549888K, used 8279K [0x00000000c0000000, 0x00000000e1900000, 0x00000000eab00000)
  object space 549888K, 1% used [0x00000000c0000000,0x00000000c0815c88,0x00000000e1900000)
 Metaspace       used 37032K, capacity 37226K, committed 37592K, reserved 1081344K
  class space    used 5210K, capacity 5293K, committed 5376K, reserved 1048576K
}

